2021-10-15 15:00:40,862:INFO:Initializing load_model()
2021-10-15 15:00:40,862:INFO:load_model(model_name=../Save_Model/Final XGBOOST Model 06oct2021, platform=None, authentication=None, verbose=True)
2021-10-15 15:00:40,947:INFO:Initializing predict_model()
2021-10-15 15:00:40,947:INFO:predict_model(estimator=Pipeline(steps=[('dtypes',
                 DataTypes_Auto_infer(features_todrop=['SK_ID_CURR'],
                                      ml_usecase='classification',
                                      target='TARGET')),
                ('imputer',
                 Simple_Imputer(categorical_strategy='not_available',
                                fill_value_categorical=None,
                                fill_value_numerical=None,
                                numeric_strategy='mean',
                                target_variable=None)),
                ('new_levels1',
                 New_Catagorical_Levels_in_TestData(replacement_...
                               colsample_bytree=0.9, gamma=0, gpu_id=-1,
                               importance_type='gain',
                               interaction_constraints='', learning_rate=0.15,
                               max_delta_step=0, max_depth=5,
                               min_child_weight=2, missing=nan,
                               monotone_constraints='()', n_estimators=140,
                               n_jobs=-1, num_parallel_tree=1, random_state=1,
                               reg_alpha=0.2, reg_lambda=0.001,
                               scale_pos_weight=1.6, subsample=0.2,
                               tree_method='auto', validate_parameters=1,
                               verbosity=0)]]), probability_threshold=0.74, encoded_labels=False, raw_score=False, round=4, verbose=True, ml_usecase=MLUsecase.CLASSIFICATION, display=None)
2021-10-15 15:00:40,947:INFO:Checking exceptions
2021-10-15 15:00:40,947:INFO:Preloading libraries
2021-10-15 15:01:10,566:INFO:Initializing load_model()
2021-10-15 15:01:10,566:INFO:load_model(model_name=../Save_Model/Final XGBOOST Model 06oct2021, platform=None, authentication=None, verbose=True)
2021-10-15 15:01:10,602:INFO:Initializing predict_model()
2021-10-15 15:01:10,603:INFO:predict_model(estimator=Pipeline(steps=[('dtypes',
                 DataTypes_Auto_infer(features_todrop=['SK_ID_CURR'],
                                      ml_usecase='classification',
                                      target='TARGET')),
                ('imputer',
                 Simple_Imputer(categorical_strategy='not_available',
                                fill_value_categorical=None,
                                fill_value_numerical=None,
                                numeric_strategy='mean',
                                target_variable=None)),
                ('new_levels1',
                 New_Catagorical_Levels_in_TestData(replacement_...
                               colsample_bytree=0.9, gamma=0, gpu_id=-1,
                               importance_type='gain',
                               interaction_constraints='', learning_rate=0.15,
                               max_delta_step=0, max_depth=5,
                               min_child_weight=2, missing=nan,
                               monotone_constraints='()', n_estimators=140,
                               n_jobs=-1, num_parallel_tree=1, random_state=1,
                               reg_alpha=0.2, reg_lambda=0.001,
                               scale_pos_weight=1.6, subsample=0.2,
                               tree_method='auto', validate_parameters=1,
                               verbosity=0)]]), probability_threshold=0.74, encoded_labels=False, raw_score=False, round=4, verbose=True, ml_usecase=MLUsecase.CLASSIFICATION, display=None)
2021-10-15 15:01:10,603:INFO:Checking exceptions
2021-10-15 15:01:10,605:INFO:Preloading libraries
2021-10-15 15:01:18,570:INFO:Initializing load_model()
2021-10-15 15:01:18,571:INFO:load_model(model_name=../Save_Model/Final XGBOOST Model 06oct2021, platform=None, authentication=None, verbose=True)
2021-10-15 15:01:18,616:INFO:Initializing predict_model()
2021-10-15 15:01:18,617:INFO:predict_model(estimator=Pipeline(steps=[('dtypes',
                 DataTypes_Auto_infer(features_todrop=['SK_ID_CURR'],
                                      ml_usecase='classification',
                                      target='TARGET')),
                ('imputer',
                 Simple_Imputer(categorical_strategy='not_available',
                                fill_value_categorical=None,
                                fill_value_numerical=None,
                                numeric_strategy='mean',
                                target_variable=None)),
                ('new_levels1',
                 New_Catagorical_Levels_in_TestData(replacement_...
                               colsample_bytree=0.9, gamma=0, gpu_id=-1,
                               importance_type='gain',
                               interaction_constraints='', learning_rate=0.15,
                               max_delta_step=0, max_depth=5,
                               min_child_weight=2, missing=nan,
                               monotone_constraints='()', n_estimators=140,
                               n_jobs=-1, num_parallel_tree=1, random_state=1,
                               reg_alpha=0.2, reg_lambda=0.001,
                               scale_pos_weight=1.6, subsample=0.2,
                               tree_method='auto', validate_parameters=1,
                               verbosity=0)]]), probability_threshold=0.74, encoded_labels=False, raw_score=False, round=4, verbose=True, ml_usecase=MLUsecase.CLASSIFICATION, display=None)
2021-10-15 15:01:18,617:INFO:Checking exceptions
2021-10-15 15:01:18,619:INFO:Preloading libraries
2021-10-15 15:08:15,644:INFO:Initializing load_model()
2021-10-15 15:08:15,644:INFO:load_model(model_name=../Save_Model/Final XGBOOST Model 06oct2021, platform=None, authentication=None, verbose=True)
2021-10-15 15:08:15,698:INFO:Initializing predict_model()
2021-10-15 15:08:15,698:INFO:predict_model(estimator=Pipeline(steps=[('dtypes',
                 DataTypes_Auto_infer(features_todrop=['SK_ID_CURR'],
                                      ml_usecase='classification',
                                      target='TARGET')),
                ('imputer',
                 Simple_Imputer(categorical_strategy='not_available',
                                fill_value_categorical=None,
                                fill_value_numerical=None,
                                numeric_strategy='mean',
                                target_variable=None)),
                ('new_levels1',
                 New_Catagorical_Levels_in_TestData(replacement_...
                               colsample_bytree=0.9, gamma=0, gpu_id=-1,
                               importance_type='gain',
                               interaction_constraints='', learning_rate=0.15,
                               max_delta_step=0, max_depth=5,
                               min_child_weight=2, missing=nan,
                               monotone_constraints='()', n_estimators=140,
                               n_jobs=-1, num_parallel_tree=1, random_state=1,
                               reg_alpha=0.2, reg_lambda=0.001,
                               scale_pos_weight=1.6, subsample=0.2,
                               tree_method='auto', validate_parameters=1,
                               verbosity=0)]]), probability_threshold=0.74, encoded_labels=False, raw_score=False, round=4, verbose=True, ml_usecase=MLUsecase.CLASSIFICATION, display=None)
2021-10-15 15:08:15,699:INFO:Checking exceptions
2021-10-15 15:08:15,700:INFO:Preloading libraries
2021-10-15 15:30:50,589:INFO:Initializing load_model()
2021-10-15 15:30:50,590:INFO:load_model(model_name=../Save_Model/Final XGBOOST Model 06oct2021, platform=None, authentication=None, verbose=True)
2021-10-15 15:30:50,632:INFO:Initializing predict_model()
2021-10-15 15:30:50,633:INFO:predict_model(estimator=Pipeline(steps=[('dtypes',
                 DataTypes_Auto_infer(features_todrop=['SK_ID_CURR'],
                                      ml_usecase='classification',
                                      target='TARGET')),
                ('imputer',
                 Simple_Imputer(categorical_strategy='not_available',
                                fill_value_categorical=None,
                                fill_value_numerical=None,
                                numeric_strategy='mean',
                                target_variable=None)),
                ('new_levels1',
                 New_Catagorical_Levels_in_TestData(replacement_...
                               colsample_bytree=0.9, gamma=0, gpu_id=-1,
                               importance_type='gain',
                               interaction_constraints='', learning_rate=0.15,
                               max_delta_step=0, max_depth=5,
                               min_child_weight=2, missing=nan,
                               monotone_constraints='()', n_estimators=140,
                               n_jobs=-1, num_parallel_tree=1, random_state=1,
                               reg_alpha=0.2, reg_lambda=0.001,
                               scale_pos_weight=1.6, subsample=0.2,
                               tree_method='auto', validate_parameters=1,
                               verbosity=0)]]), probability_threshold=0.74, encoded_labels=False, raw_score=False, round=4, verbose=True, ml_usecase=MLUsecase.CLASSIFICATION, display=None)
2021-10-15 15:30:50,633:INFO:Checking exceptions
2021-10-15 15:30:50,634:INFO:Preloading libraries
2021-10-15 15:31:36,461:INFO:Initializing load_model()
2021-10-15 15:31:36,461:INFO:load_model(model_name=../Save_Model/Final XGBOOST Model 06oct2021, platform=None, authentication=None, verbose=True)
2021-10-15 15:31:36,511:INFO:Initializing predict_model()
2021-10-15 15:31:36,511:INFO:predict_model(estimator=Pipeline(steps=[('dtypes',
                 DataTypes_Auto_infer(features_todrop=['SK_ID_CURR'],
                                      ml_usecase='classification',
                                      target='TARGET')),
                ('imputer',
                 Simple_Imputer(categorical_strategy='not_available',
                                fill_value_categorical=None,
                                fill_value_numerical=None,
                                numeric_strategy='mean',
                                target_variable=None)),
                ('new_levels1',
                 New_Catagorical_Levels_in_TestData(replacement_...
                               colsample_bytree=0.9, gamma=0, gpu_id=-1,
                               importance_type='gain',
                               interaction_constraints='', learning_rate=0.15,
                               max_delta_step=0, max_depth=5,
                               min_child_weight=2, missing=nan,
                               monotone_constraints='()', n_estimators=140,
                               n_jobs=-1, num_parallel_tree=1, random_state=1,
                               reg_alpha=0.2, reg_lambda=0.001,
                               scale_pos_weight=1.6, subsample=0.2,
                               tree_method='auto', validate_parameters=1,
                               verbosity=0)]]), probability_threshold=0.74, encoded_labels=False, raw_score=False, round=4, verbose=True, ml_usecase=MLUsecase.CLASSIFICATION, display=None)
2021-10-15 15:31:36,512:INFO:Checking exceptions
2021-10-15 15:31:36,513:INFO:Preloading libraries
2021-10-15 15:33:37,119:INFO:Initializing load_model()
2021-10-15 15:33:37,120:INFO:load_model(model_name=../Save_Model/Final XGBOOST Model 06oct2021, platform=None, authentication=None, verbose=True)
2021-10-15 15:33:37,168:INFO:Initializing predict_model()
2021-10-15 15:33:37,168:INFO:predict_model(estimator=Pipeline(steps=[('dtypes',
                 DataTypes_Auto_infer(features_todrop=['SK_ID_CURR'],
                                      ml_usecase='classification',
                                      target='TARGET')),
                ('imputer',
                 Simple_Imputer(categorical_strategy='not_available',
                                fill_value_categorical=None,
                                fill_value_numerical=None,
                                numeric_strategy='mean',
                                target_variable=None)),
                ('new_levels1',
                 New_Catagorical_Levels_in_TestData(replacement_...
                               colsample_bytree=0.9, gamma=0, gpu_id=-1,
                               importance_type='gain',
                               interaction_constraints='', learning_rate=0.15,
                               max_delta_step=0, max_depth=5,
                               min_child_weight=2, missing=nan,
                               monotone_constraints='()', n_estimators=140,
                               n_jobs=-1, num_parallel_tree=1, random_state=1,
                               reg_alpha=0.2, reg_lambda=0.001,
                               scale_pos_weight=1.6, subsample=0.2,
                               tree_method='auto', validate_parameters=1,
                               verbosity=0)]]), probability_threshold=0.74, encoded_labels=False, raw_score=False, round=4, verbose=True, ml_usecase=MLUsecase.CLASSIFICATION, display=None)
2021-10-15 15:33:37,169:INFO:Checking exceptions
2021-10-15 15:33:37,169:INFO:Preloading libraries
2021-10-15 15:34:00,991:INFO:Initializing load_model()
2021-10-15 15:34:00,993:INFO:load_model(model_name=../Save_Model/Final XGBOOST Model 06oct2021, platform=None, authentication=None, verbose=True)
2021-10-15 15:34:01,039:INFO:Initializing predict_model()
2021-10-15 15:34:01,039:INFO:predict_model(estimator=Pipeline(steps=[('dtypes',
                 DataTypes_Auto_infer(features_todrop=['SK_ID_CURR'],
                                      ml_usecase='classification',
                                      target='TARGET')),
                ('imputer',
                 Simple_Imputer(categorical_strategy='not_available',
                                fill_value_categorical=None,
                                fill_value_numerical=None,
                                numeric_strategy='mean',
                                target_variable=None)),
                ('new_levels1',
                 New_Catagorical_Levels_in_TestData(replacement_...
                               colsample_bytree=0.9, gamma=0, gpu_id=-1,
                               importance_type='gain',
                               interaction_constraints='', learning_rate=0.15,
                               max_delta_step=0, max_depth=5,
                               min_child_weight=2, missing=nan,
                               monotone_constraints='()', n_estimators=140,
                               n_jobs=-1, num_parallel_tree=1, random_state=1,
                               reg_alpha=0.2, reg_lambda=0.001,
                               scale_pos_weight=1.6, subsample=0.2,
                               tree_method='auto', validate_parameters=1,
                               verbosity=0)]]), probability_threshold=0.74, encoded_labels=False, raw_score=False, round=4, verbose=True, ml_usecase=MLUsecase.CLASSIFICATION, display=None)
2021-10-15 15:34:01,040:INFO:Checking exceptions
2021-10-15 15:34:01,041:INFO:Preloading libraries
2021-10-15 15:34:33,013:INFO:Initializing load_model()
2021-10-15 15:34:33,013:INFO:load_model(model_name=../Save_Model/Final XGBOOST Model 06oct2021, platform=None, authentication=None, verbose=True)
2021-10-15 15:34:33,067:INFO:Initializing predict_model()
2021-10-15 15:34:33,067:INFO:predict_model(estimator=Pipeline(steps=[('dtypes',
                 DataTypes_Auto_infer(features_todrop=['SK_ID_CURR'],
                                      ml_usecase='classification',
                                      target='TARGET')),
                ('imputer',
                 Simple_Imputer(categorical_strategy='not_available',
                                fill_value_categorical=None,
                                fill_value_numerical=None,
                                numeric_strategy='mean',
                                target_variable=None)),
                ('new_levels1',
                 New_Catagorical_Levels_in_TestData(replacement_...
                               colsample_bytree=0.9, gamma=0, gpu_id=-1,
                               importance_type='gain',
                               interaction_constraints='', learning_rate=0.15,
                               max_delta_step=0, max_depth=5,
                               min_child_weight=2, missing=nan,
                               monotone_constraints='()', n_estimators=140,
                               n_jobs=-1, num_parallel_tree=1, random_state=1,
                               reg_alpha=0.2, reg_lambda=0.001,
                               scale_pos_weight=1.6, subsample=0.2,
                               tree_method='auto', validate_parameters=1,
                               verbosity=0)]]), probability_threshold=0.74, encoded_labels=False, raw_score=False, round=4, verbose=True, ml_usecase=MLUsecase.CLASSIFICATION, display=None)
2021-10-15 15:34:33,068:INFO:Checking exceptions
2021-10-15 15:34:33,069:INFO:Preloading libraries
